<?xml version="1.0" encoding="UTF-8"?>
<!-- Generated by org.testng.reporters.JUnitReportReporter -->
<testsuite hostname="DESKTOP-8V979BB" failures="0" tests="2" name="com.selenium.test.ComplaintTest" time="40.614" errors="0" timestamp="2022-10-19T16:21:12 IST" skipped="0">
  <testcase classname="com.selenium.test.ComplaintTest" name="ChromeBrowser" time="9.839"/>
  <system-out/>
  <testcase classname="com.selenium.test.ComplaintTest" name="TestHome" time="30.775"/>
  <system-out/>
</testsuite> <!-- com.selenium.test.ComplaintTest -->
